{"/Users/hongru/Work/gitlab/One-Request/lsa/index.js":{"path":"/Users/hongru/Work/gitlab/One-Request/lsa/index.js","s":{"1":1},"b":{},"f":{},"fnMap":{},"statementMap":{"1":{"start":{"line":1,"column":0},"end":{"line":1,"column":38}}},"branchMap":{}},"/Users/hongru/Work/gitlab/One-Request/lsa/src/lsl.js":{"path":"/Users/hongru/Work/gitlab/One-Request/lsa/src/lsl.js","s":{"1":1,"2":1,"3":1,"4":1,"5":1,"6":1,"7":3,"8":2,"9":3,"10":3,"11":3,"12":3,"13":3,"14":1,"15":3,"16":1,"17":4,"18":4,"19":4,"20":4,"21":0,"22":4,"23":4,"24":4,"25":4,"26":4,"27":3,"28":3,"29":3,"30":3,"31":1,"32":1,"33":1,"34":1,"35":4,"36":3,"37":3,"38":1,"39":3,"40":3,"41":3,"42":4,"43":4,"44":4,"45":1,"46":1,"47":0,"48":1,"49":0,"50":1,"51":1,"52":3,"53":4,"54":3,"55":1,"56":3,"57":3,"58":2,"59":1,"60":1},"b":{"1":[2,1],"2":[3,3],"3":[3,0],"4":[3,3],"5":[0,4],"6":[1,3],"7":[3,1],"8":[1,2],"9":[4,1,0],"10":[0,4],"11":[4,3],"12":[1,3],"13":[0,1],"14":[0,0],"15":[2,1]},"f":{"1":3,"2":3,"3":4,"4":1,"5":3,"6":4,"7":3},"fnMap":{"1":{"name":"(anonymous_1)","line":51,"loc":{"start":{"line":51,"column":10},"end":{"line":51,"column":34}}},"2":{"name":"_do","line":60,"loc":{"start":{"line":60,"column":0},"end":{"line":60,"column":20}}},"3":{"name":"_r","line":63,"loc":{"start":{"line":63,"column":4},"end":{"line":63,"column":34}}},"4":{"name":"(anonymous_4)","line":79,"loc":{"start":{"line":79,"column":35},"end":{"line":79,"column":52}}},"5":{"name":"_pin","line":95,"loc":{"start":{"line":95,"column":0},"end":{"line":95,"column":20}}},"6":{"name":"(anonymous_6)","line":98,"loc":{"start":{"line":98,"column":16},"end":{"line":98,"column":29}}},"7":{"name":"_isInCollapse","line":122,"loc":{"start":{"line":122,"column":0},"end":{"line":122,"column":27}}}},"statementMap":{"1":{"start":{"line":1,"column":0},"end":{"line":1,"column":29}},"2":{"start":{"line":2,"column":0},"end":{"line":2,"column":23}},"3":{"start":{"line":3,"column":0},"end":{"line":3,"column":27}},"4":{"start":{"line":48,"column":0},"end":{"line":48,"column":22}},"5":{"start":{"line":49,"column":0},"end":{"line":49,"column":20}},"6":{"start":{"line":51,"column":0},"end":{"line":58,"column":1}},"7":{"start":{"line":52,"column":4},"end":{"line":52,"column":95}},"8":{"start":{"line":52,"column":39},"end":{"line":52,"column":95}},"9":{"start":{"line":53,"column":4},"end":{"line":53,"column":59}},"10":{"start":{"line":53,"column":34},"end":{"line":53,"column":59}},"11":{"start":{"line":54,"column":4},"end":{"line":54,"column":24}},"12":{"start":{"line":55,"column":4},"end":{"line":55,"column":24}},"13":{"start":{"line":57,"column":4},"end":{"line":57,"column":15}},"14":{"start":{"line":60,"column":0},"end":{"line":93,"column":1}},"15":{"start":{"line":61,"column":4},"end":{"line":61,"column":17}},"16":{"start":{"line":63,"column":4},"end":{"line":89,"column":5}},"17":{"start":{"line":64,"column":8},"end":{"line":64,"column":36}},"18":{"start":{"line":65,"column":8},"end":{"line":65,"column":19}},"19":{"start":{"line":66,"column":8},"end":{"line":66,"column":20}},"20":{"start":{"line":68,"column":8},"end":{"line":68,"column":36}},"21":{"start":{"line":68,"column":29},"end":{"line":68,"column":36}},"22":{"start":{"line":69,"column":8},"end":{"line":69,"column":18}},"23":{"start":{"line":70,"column":8},"end":{"line":70,"column":26}},"24":{"start":{"line":71,"column":8},"end":{"line":71,"column":36}},"25":{"start":{"line":72,"column":8},"end":{"line":72,"column":44}},"26":{"start":{"line":73,"column":8},"end":{"line":86,"column":9}},"27":{"start":{"line":74,"column":12},"end":{"line":74,"column":27}},"28":{"start":{"line":75,"column":12},"end":{"line":75,"column":26}},"29":{"start":{"line":76,"column":12},"end":{"line":76,"column":28}},"30":{"start":{"line":77,"column":12},"end":{"line":82,"column":13}},"31":{"start":{"line":78,"column":16},"end":{"line":78,"column":49}},"32":{"start":{"line":79,"column":16},"end":{"line":81,"column":19}},"33":{"start":{"line":80,"column":20},"end":{"line":80,"column":49}},"34":{"start":{"line":85,"column":12},"end":{"line":85,"column":28}},"35":{"start":{"line":87,"column":8},"end":{"line":87,"column":107}},"36":{"start":{"line":91,"column":4},"end":{"line":91,"column":22}},"37":{"start":{"line":92,"column":4},"end":{"line":92,"column":15}},"38":{"start":{"line":95,"column":0},"end":{"line":120,"column":1}},"39":{"start":{"line":96,"column":4},"end":{"line":96,"column":17}},"40":{"start":{"line":97,"column":4},"end":{"line":97,"column":49}},"41":{"start":{"line":98,"column":4},"end":{"line":117,"column":7}},"42":{"start":{"line":99,"column":8},"end":{"line":99,"column":20}},"43":{"start":{"line":100,"column":8},"end":{"line":100,"column":76}},"44":{"start":{"line":102,"column":8},"end":{"line":115,"column":9}},"45":{"start":{"line":103,"column":12},"end":{"line":103,"column":23}},"46":{"start":{"line":104,"column":12},"end":{"line":106,"column":13}},"47":{"start":{"line":105,"column":16},"end":{"line":105,"column":27}},"48":{"start":{"line":107,"column":12},"end":{"line":111,"column":13}},"49":{"start":{"line":108,"column":16},"end":{"line":108,"column":56}},"50":{"start":{"line":110,"column":16},"end":{"line":110,"column":27}},"51":{"start":{"line":112,"column":12},"end":{"line":112,"column":23}},"52":{"start":{"line":114,"column":12},"end":{"line":114,"column":23}},"53":{"start":{"line":116,"column":8},"end":{"line":116,"column":21}},"54":{"start":{"line":119,"column":4},"end":{"line":119,"column":26}},"55":{"start":{"line":122,"column":0},"end":{"line":129,"column":1}},"56":{"start":{"line":123,"column":4},"end":{"line":127,"column":5}},"57":{"start":{"line":124,"column":8},"end":{"line":126,"column":9}},"58":{"start":{"line":125,"column":12},"end":{"line":125,"column":24}},"59":{"start":{"line":128,"column":4},"end":{"line":128,"column":17}},"60":{"start":{"line":131,"column":0},"end":{"line":131,"column":21}}},"branchMap":{"1":{"line":52,"type":"if","locations":[{"start":{"line":52,"column":4},"end":{"line":52,"column":4}},{"start":{"line":52,"column":4},"end":{"line":52,"column":4}}]},"2":{"line":52,"type":"binary-expr","locations":[{"start":{"line":52,"column":8},"end":{"line":52,"column":14}},{"start":{"line":52,"column":18},"end":{"line":52,"column":37}}]},"3":{"line":53,"type":"if","locations":[{"start":{"line":53,"column":4},"end":{"line":53,"column":4}},{"start":{"line":53,"column":4},"end":{"line":53,"column":4}}]},"4":{"line":53,"type":"binary-expr","locations":[{"start":{"line":53,"column":8},"end":{"line":53,"column":14}},{"start":{"line":53,"column":18},"end":{"line":53,"column":32}}]},"5":{"line":68,"type":"if","locations":[{"start":{"line":68,"column":8},"end":{"line":68,"column":8}},{"start":{"line":68,"column":8},"end":{"line":68,"column":8}}]},"6":{"line":72,"type":"cond-expr","locations":[{"start":{"line":72,"column":25},"end":{"line":72,"column":39}},{"start":{"line":72,"column":42},"end":{"line":72,"column":43}}]},"7":{"line":73,"type":"if","locations":[{"start":{"line":73,"column":8},"end":{"line":73,"column":8}},{"start":{"line":73,"column":8},"end":{"line":73,"column":8}}]},"8":{"line":77,"type":"if","locations":[{"start":{"line":77,"column":12},"end":{"line":77,"column":12}},{"start":{"line":77,"column":12},"end":{"line":77,"column":12}}]},"9":{"line":87,"type":"binary-expr","locations":[{"start":{"line":87,"column":28},"end":{"line":87,"column":36}},{"start":{"line":87,"column":40},"end":{"line":87,"column":68}},{"start":{"line":87,"column":72},"end":{"line":87,"column":105}}]},"10":{"line":100,"type":"cond-expr","locations":[{"start":{"line":100,"column":43},"end":{"line":100,"column":66}},{"start":{"line":100,"column":69},"end":{"line":100,"column":75}}]},"11":{"line":100,"type":"binary-expr","locations":[{"start":{"line":100,"column":20},"end":{"line":100,"column":27}},{"start":{"line":100,"column":31},"end":{"line":100,"column":39}}]},"12":{"line":102,"type":"if","locations":[{"start":{"line":102,"column":8},"end":{"line":102,"column":8}},{"start":{"line":102,"column":8},"end":{"line":102,"column":8}}]},"13":{"line":107,"type":"if","locations":[{"start":{"line":107,"column":12},"end":{"line":107,"column":12}},{"start":{"line":107,"column":12},"end":{"line":107,"column":12}}]},"14":{"line":108,"type":"cond-expr","locations":[{"start":{"line":108,"column":44},"end":{"line":108,"column":48}},{"start":{"line":108,"column":51},"end":{"line":108,"column":55}}]},"15":{"line":124,"type":"if","locations":[{"start":{"line":124,"column":8},"end":{"line":124,"column":8}},{"start":{"line":124,"column":8},"end":{"line":124,"column":8}}]}}}}