TN:
SF:/Users/hongru/Work/gitlab/One-Request/lsa/index.js
FNF:0
FNH:0
DA:1,1
LF:1
LH:1
BRF:0
BRH:0
end_of_record
TN:
SF:/Users/hongru/Work/gitlab/One-Request/lsa/src/lsl.js
FN:51,(anonymous_1)
FN:60,_do
FN:63,_r
FN:79,(anonymous_4)
FN:95,_pin
FN:98,(anonymous_6)
FN:122,_isInCollapse
FNF:7
FNH:7
FNDA:3,(anonymous_1)
FNDA:3,_do
FNDA:4,_r
FNDA:1,(anonymous_4)
FNDA:3,_pin
FNDA:4,(anonymous_6)
FNDA:3,_isInCollapse
DA:1,1
DA:2,1
DA:3,1
DA:48,1
DA:49,1
DA:51,1
DA:52,3
DA:53,3
DA:54,3
DA:55,3
DA:57,3
DA:60,1
DA:61,3
DA:63,1
DA:64,4
DA:65,4
DA:66,4
DA:68,4
DA:69,4
DA:70,4
DA:71,4
DA:72,4
DA:73,4
DA:74,3
DA:75,3
DA:76,3
DA:77,3
DA:78,1
DA:79,1
DA:80,1
DA:85,1
DA:87,4
DA:91,3
DA:92,3
DA:95,1
DA:96,3
DA:97,3
DA:98,3
DA:99,4
DA:100,4
DA:102,4
DA:103,1
DA:104,1
DA:105,0
DA:107,1
DA:108,0
DA:110,1
DA:112,1
DA:114,3
DA:116,4
DA:119,3
DA:122,1
DA:123,3
DA:124,3
DA:125,2
DA:128,1
DA:131,1
LF:57
LH:55
BRDA:52,1,0,2
BRDA:52,1,1,1
BRDA:52,2,0,3
BRDA:52,2,1,3
BRDA:53,3,0,3
BRDA:53,3,1,0
BRDA:53,4,0,3
BRDA:53,4,1,3
BRDA:68,5,0,0
BRDA:68,5,1,4
BRDA:72,6,0,1
BRDA:72,6,1,3
BRDA:73,7,0,3
BRDA:73,7,1,1
BRDA:77,8,0,1
BRDA:77,8,1,2
BRDA:87,9,0,4
BRDA:87,9,1,1
BRDA:87,9,2,0
BRDA:100,10,0,0
BRDA:100,10,1,4
BRDA:100,11,0,4
BRDA:100,11,1,3
BRDA:102,12,0,1
BRDA:102,12,1,3
BRDA:107,13,0,0
BRDA:107,13,1,1
BRDA:108,14,0,0
BRDA:108,14,1,0
BRDA:124,15,0,2
BRDA:124,15,1,1
BRF:31
BRH:24
end_of_record
